<?xml version="1.0" encoding="UTF-8"?>
<!-- Generated by org.testng.reporters.JUnitReportReporter -->
<testsuite hostname="ATMECSINLT-038" failures="0" tests="1" name="com.udemy.TestingWebutility" time="0.048" errors="0" timestamp="14 Oct 2019 08:51:08 GMT" skipped="0">
  <testcase classname="com.udemy.TestingWebutility" name="testUtility" time="0.048"/>
</testsuite> <!-- com.udemy.TestingWebutility -->
