<?xml version="1.0" encoding="UTF-8"?>
<!-- Generated by org.testng.reporters.JUnitReportReporter -->
<testsuite hostname="ATMECSINLT-038" failures="0" tests="1" name="com.chauhan.Saurabh.testScripts.ChooseFlight" time="0.614" errors="0" timestamp="25 Sep 2019 11:46:40 GMT" skipped="0">
  <testcase classname="com.chauhan.Saurabh.testScripts.ChooseFlight" name="click" time="0.614"/>
</testsuite> <!-- com.chauhan.Saurabh.testScripts.ChooseFlight -->
