<?xml version="1.0" encoding="UTF-8"?>
<!-- Generated by org.testng.reporters.JUnitReportReporter -->
<testsuite hostname="ATMECSINLT-038" failures="0" tests="5" name="com.chauhan.Saurabh.GetTableData" time="10.516" errors="0" timestamp="04 Nov 2019 08:43:44 GMT" skipped="0">
  <testcase classname="com.chauhan.Saurabh.GetTableData" name="getDataByNumbers" time="1.215"/>
  <testcase classname="com.chauhan.Saurabh.GetTableData" name="getPosition" time="4.398"/>
  <testcase classname="com.chauhan.Saurabh.GetTableData" name="getData" time="3.985"/>
  <testcase classname="com.chauhan.Saurabh.GetTableData" name="getRowData" time="0.912"/>
  <testcase classname="com.chauhan.Saurabh.GetTableData" name="getata" time="0.006"/>
</testsuite> <!-- com.chauhan.Saurabh.GetTableData -->
