<?xml version="1.0" encoding="UTF-8"?>
<!-- Generated by org.testng.reporters.JUnitReportReporter -->
<testsuite hostname="ATMECSINLT-038" failures="0" tests="5" name="com.chauhan.Saurabh.HeroImageProducttestscripts" time="14.101" errors="0" timestamp="16 Oct 2019 06:12:35 GMT" skipped="0">
  <testcase classname="com.chauhan.Saurabh.HeroImageProducttestscripts" name="homePageRedirection" time="0.112"/>
  <testcase classname="com.chauhan.Saurabh.HeroImageProducttestscripts" name="validateContents" time="5.809"/>
  <testcase classname="com.chauhan.Saurabh.HeroImageProducttestscripts" name="validateSortingFunctionality" time="0.168"/>
  <testcase classname="com.chauhan.Saurabh.HeroImageProducttestscripts" name="validateSortingByDate" time="3.491"/>
  <testcase classname="com.chauhan.Saurabh.HeroImageProducttestscripts" name="validateSortingByRating" time="4.521"/>
</testsuite> <!-- com.chauhan.Saurabh.HeroImageProducttestscripts -->
