<?xml version="1.0" encoding="UTF-8"?>
<!-- Generated by org.testng.reporters.JUnitReportReporter -->
<testsuite hostname="ATMECSINLT-038" failures="0" tests="7" name="com.chauhan.Saurabh.HomePageComputerPeripherals" time="62.454" errors="0" timestamp="15 Oct 2019 10:49:16 GMT" skipped="0">
  <testcase classname="com.chauhan.Saurabh.HomePageComputerPeripherals" name="validateMessage" time="1.803"/>
  <testcase classname="com.chauhan.Saurabh.HomePageComputerPeripherals" name="validateProductAvilability" time="4.916"/>
  <testcase classname="com.chauhan.Saurabh.HomePageComputerPeripherals" name="validatePricingSortingFunctionality" time="10.438"/>
  <testcase classname="com.chauhan.Saurabh.HomePageComputerPeripherals" name="validatePricingSortingFunctionality" time="9.957"/>
  <testcase classname="com.chauhan.Saurabh.HomePageComputerPeripherals" name="validatePricingSortingFunctionality" time="10.019"/>
  <testcase classname="com.chauhan.Saurabh.HomePageComputerPeripherals" name="validatePricingSortingFunctionality" time="15.463"/>
  <testcase classname="com.chauhan.Saurabh.HomePageComputerPeripherals" name="validatePricingSortingFunctionality" time="9.858"/>
</testsuite> <!-- com.chauhan.Saurabh.HomePageComputerPeripherals -->
