<?xml version="1.0" encoding="UTF-8"?>
<!-- Generated by org.testng.reporters.JUnitReportReporter -->
<testsuite hostname="ATMECSINLT-038" failures="0" tests="7" name="com.chauhan.Saurabh.HomePageComputerPeripherals" time="78.740" errors="0" timestamp="16 Oct 2019 11:44:28 GMT" skipped="0">
  <testcase classname="com.chauhan.Saurabh.HomePageComputerPeripherals" name="validateMessage" time="3.108"/>
  <testcase classname="com.chauhan.Saurabh.HomePageComputerPeripherals" name="validateProductAvilability" time="5.116"/>
  <testcase classname="com.chauhan.Saurabh.HomePageComputerPeripherals" name="validatePricingSortingFunctionality" time="13.498"/>
  <testcase classname="com.chauhan.Saurabh.HomePageComputerPeripherals" name="validatePricingSortingFunctionality" time="14.047"/>
  <testcase classname="com.chauhan.Saurabh.HomePageComputerPeripherals" name="validatePricingSortingFunctionality" time="14.213"/>
  <testcase classname="com.chauhan.Saurabh.HomePageComputerPeripherals" name="validatePricingSortingFunctionality" time="13.986"/>
  <testcase classname="com.chauhan.Saurabh.HomePageComputerPeripherals" name="validatePricingSortingFunctionality" time="14.772"/>
</testsuite> <!-- com.chauhan.Saurabh.HomePageComputerPeripherals -->
