<?xml version="1.0" encoding="UTF-8"?>
<!-- Generated by org.testng.reporters.JUnitReportReporter -->
<testsuite hostname="ATMECSINLT-038" failures="0" tests="5" name="com.chauhan.Saurabh.HeroImageProducttestscripts" time="25.998" errors="0" timestamp="16 Oct 2019 11:44:28 GMT" skipped="0">
  <testcase classname="com.chauhan.Saurabh.HeroImageProducttestscripts" name="homePageRedirection" time="0.030"/>
  <testcase classname="com.chauhan.Saurabh.HeroImageProducttestscripts" name="validateContents" time="19.169"/>
  <testcase classname="com.chauhan.Saurabh.HeroImageProducttestscripts" name="validateSortingFunctionality" time="0.616"/>
  <testcase classname="com.chauhan.Saurabh.HeroImageProducttestscripts" name="validateSortingByDate" time="3.160"/>
  <testcase classname="com.chauhan.Saurabh.HeroImageProducttestscripts" name="validateSortingByRating" time="3.023"/>
</testsuite> <!-- com.chauhan.Saurabh.HeroImageProducttestscripts -->
