<?xml version="1.0" encoding="UTF-8"?>
<testsuite xmlns:xsi="http://www.w3.org/2001/XMLSchema-instance" xsi:noNamespaceSchemaLocation="https://maven.apache.org/surefire/maven-surefire-plugin/xsd/surefire-test-report-3.0.xsd" version="3.0" name="TestSuite" time="158.195" tests="19" errors="0" skipped="0" failures="1">
  <properties>
    <property name="sun.desktop" value="windows"/>
    <property name="awt.toolkit" value="sun.awt.windows.WToolkit"/>
    <property name="java.specification.version" value="12"/>
    <property name="sun.cpu.isalist" value="amd64"/>
    <property name="sun.jnu.encoding" value="Cp1252"/>
    <property name="java.class.path" value="C:\Users\saurabh.chauhan\eclipse-workspace\Saurabh\target\test-classes;C:\Users\saurabh.chauhan\eclipse-workspace\Saurabh\target\classes;C:\Users\saurabh.chauhan\.m2\repository\log4j\log4j\1.2.17\log4j-1.2.17.jar;C:\Users\saurabh.chauhan\.m2\repository\org\seleniumhq\selenium\selenium-java\3.141.59\selenium-java-3.141.59.jar;C:\Users\saurabh.chauhan\.m2\repository\org\seleniumhq\selenium\selenium-api\3.141.59\selenium-api-3.141.59.jar;C:\Users\saurabh.chauhan\.m2\repository\org\seleniumhq\selenium\selenium-chrome-driver\3.141.59\selenium-chrome-driver-3.141.59.jar;C:\Users\saurabh.chauhan\.m2\repository\org\seleniumhq\selenium\selenium-edge-driver\3.141.59\selenium-edge-driver-3.141.59.jar;C:\Users\saurabh.chauhan\.m2\repository\org\seleniumhq\selenium\selenium-firefox-driver\3.141.59\selenium-firefox-driver-3.141.59.jar;C:\Users\saurabh.chauhan\.m2\repository\org\seleniumhq\selenium\selenium-ie-driver\3.141.59\selenium-ie-driver-3.141.59.jar;C:\Users\saurabh.chauhan\.m2\repository\org\seleniumhq\selenium\selenium-opera-driver\3.141.59\selenium-opera-driver-3.141.59.jar;C:\Users\saurabh.chauhan\.m2\repository\org\seleniumhq\selenium\selenium-safari-driver\3.141.59\selenium-safari-driver-3.141.59.jar;C:\Users\saurabh.chauhan\.m2\repository\org\seleniumhq\selenium\selenium-support\3.141.59\selenium-support-3.141.59.jar;C:\Users\saurabh.chauhan\.m2\repository\net\bytebuddy\byte-buddy\1.8.15\byte-buddy-1.8.15.jar;C:\Users\saurabh.chauhan\.m2\repository\org\apache\commons\commons-exec\1.3\commons-exec-1.3.jar;C:\Users\saurabh.chauhan\.m2\repository\com\google\guava\guava\25.0-jre\guava-25.0-jre.jar;C:\Users\saurabh.chauhan\.m2\repository\com\google\code\findbugs\jsr305\1.3.9\jsr305-1.3.9.jar;C:\Users\saurabh.chauhan\.m2\repository\org\checkerframework\checker-compat-qual\2.0.0\checker-compat-qual-2.0.0.jar;C:\Users\saurabh.chauhan\.m2\repository\com\google\errorprone\error_prone_annotations\2.1.3\error_prone_annotations-2.1.3.jar;C:\Users\saurabh.chauhan\.m2\repository\com\google\j2objc\j2objc-annotations\1.1\j2objc-annotations-1.1.jar;C:\Users\saurabh.chauhan\.m2\repository\org\codehaus\mojo\animal-sniffer-annotations\1.14\animal-sniffer-annotations-1.14.jar;C:\Users\saurabh.chauhan\.m2\repository\com\squareup\okhttp3\okhttp\3.11.0\okhttp-3.11.0.jar;C:\Users\saurabh.chauhan\.m2\repository\com\squareup\okio\okio\1.14.0\okio-1.14.0.jar;C:\Users\saurabh.chauhan\.m2\repository\org\testng\testng\6.14.3\testng-6.14.3.jar;C:\Users\saurabh.chauhan\.m2\repository\com\beust\jcommander\1.72\jcommander-1.72.jar;C:\Users\saurabh.chauhan\.m2\repository\org\apache-extras\beanshell\bsh\2.0b6\bsh-2.0b6.jar;C:\Users\saurabh.chauhan\.m2\repository\org\apache\poi\poi-ooxml\4.1.0\poi-ooxml-4.1.0.jar;C:\Users\saurabh.chauhan\.m2\repository\org\apache\poi\poi\4.1.0\poi-4.1.0.jar;C:\Users\saurabh.chauhan\.m2\repository\commons-codec\commons-codec\1.12\commons-codec-1.12.jar;C:\Users\saurabh.chauhan\.m2\repository\org\apache\commons\commons-collections4\4.3\commons-collections4-4.3.jar;C:\Users\saurabh.chauhan\.m2\repository\org\apache\commons\commons-math3\3.6.1\commons-math3-3.6.1.jar;C:\Users\saurabh.chauhan\.m2\repository\org\apache\poi\poi-ooxml-schemas\4.1.0\poi-ooxml-schemas-4.1.0.jar;C:\Users\saurabh.chauhan\.m2\repository\org\apache\xmlbeans\xmlbeans\3.1.0\xmlbeans-3.1.0.jar;C:\Users\saurabh.chauhan\.m2\repository\org\apache\commons\commons-compress\1.18\commons-compress-1.18.jar;C:\Users\saurabh.chauhan\.m2\repository\com\github\virtuald\curvesapi\1.06\curvesapi-1.06.jar;C:\Users\saurabh.chauhan\.m2\repository\com\relevantcodes\extentreports\2.41.2\extentreports-2.41.2.jar;C:\Users\saurabh.chauhan\.m2\repository\org\jsoup\jsoup\1.8.3\jsoup-1.8.3.jar;C:\Users\saurabh.chauhan\.m2\repository\org\xerial\sqlite-jdbc\3.8.11.1\sqlite-jdbc-3.8.11.1.jar;C:\Users\saurabh.chauhan\.m2\repository\org\freemarker\freemarker\2.3.23\freemarker-2.3.23.jar;C:\Users\saurabh.chauhan\.m2\repository\org\mongodb\mongodb-driver\3.0.4\mongodb-driver-3.0.4.jar;C:\Users\saurabh.chauhan\.m2\repository\org\mongodb\bson\3.0.4\bson-3.0.4.jar;C:\Users\saurabh.chauhan\.m2\repository\org\mongodb\mongodb-driver-core\3.0.4\mongodb-driver-core-3.0.4.jar;C:\Users\saurabh.chauhan\.m2\repository\commons-io\commons-io\2.4\commons-io-2.4.jar;C:\Users\saurabh.chauhan\.m2\repository\org\seleniumhq\selenium\selenium-remote-driver\3.141.59\selenium-remote-driver-3.141.59.jar;"/>
    <property name="java.vm.vendor" value="Oracle Corporation"/>
    <property name="sun.arch.data.model" value="64"/>
    <property name="user.variant" value=""/>
    <property name="java.vendor.url" value="https://java.oracle.com/"/>
    <property name="user.timezone" value="Asia/Calcutta"/>
    <property name="os.name" value="Windows 10"/>
    <property name="java.vm.specification.version" value="12"/>
    <property name="sun.java.launcher" value="SUN_STANDARD"/>
    <property name="user.country" value="US"/>
    <property name="sun.boot.library.path" value="C:\Program Files\Java\jdk-12.0.1\bin"/>
    <property name="sun.java.command" value="C:\Users\saurabh.chauhan\AppData\Local\Temp\surefire14305847600133518739\surefirebooter9329575891519191697.jar C:\Users\saurabh.chauhan\AppData\Local\Temp\surefire14305847600133518739 2019-10-16T17-11-48_871-jvmRun1 surefire11144940278739314348tmp surefire_01698050560800296101tmp"/>
    <property name="jdk.debug" value="release"/>
    <property name="surefire.test.class.path" value="C:\Users\saurabh.chauhan\eclipse-workspace\Saurabh\target\test-classes;C:\Users\saurabh.chauhan\eclipse-workspace\Saurabh\target\classes;C:\Users\saurabh.chauhan\.m2\repository\log4j\log4j\1.2.17\log4j-1.2.17.jar;C:\Users\saurabh.chauhan\.m2\repository\org\seleniumhq\selenium\selenium-java\3.141.59\selenium-java-3.141.59.jar;C:\Users\saurabh.chauhan\.m2\repository\org\seleniumhq\selenium\selenium-api\3.141.59\selenium-api-3.141.59.jar;C:\Users\saurabh.chauhan\.m2\repository\org\seleniumhq\selenium\selenium-chrome-driver\3.141.59\selenium-chrome-driver-3.141.59.jar;C:\Users\saurabh.chauhan\.m2\repository\org\seleniumhq\selenium\selenium-edge-driver\3.141.59\selenium-edge-driver-3.141.59.jar;C:\Users\saurabh.chauhan\.m2\repository\org\seleniumhq\selenium\selenium-firefox-driver\3.141.59\selenium-firefox-driver-3.141.59.jar;C:\Users\saurabh.chauhan\.m2\repository\org\seleniumhq\selenium\selenium-ie-driver\3.141.59\selenium-ie-driver-3.141.59.jar;C:\Users\saurabh.chauhan\.m2\repository\org\seleniumhq\selenium\selenium-opera-driver\3.141.59\selenium-opera-driver-3.141.59.jar;C:\Users\saurabh.chauhan\.m2\repository\org\seleniumhq\selenium\selenium-safari-driver\3.141.59\selenium-safari-driver-3.141.59.jar;C:\Users\saurabh.chauhan\.m2\repository\org\seleniumhq\selenium\selenium-support\3.141.59\selenium-support-3.141.59.jar;C:\Users\saurabh.chauhan\.m2\repository\net\bytebuddy\byte-buddy\1.8.15\byte-buddy-1.8.15.jar;C:\Users\saurabh.chauhan\.m2\repository\org\apache\commons\commons-exec\1.3\commons-exec-1.3.jar;C:\Users\saurabh.chauhan\.m2\repository\com\google\guava\guava\25.0-jre\guava-25.0-jre.jar;C:\Users\saurabh.chauhan\.m2\repository\com\google\code\findbugs\jsr305\1.3.9\jsr305-1.3.9.jar;C:\Users\saurabh.chauhan\.m2\repository\org\checkerframework\checker-compat-qual\2.0.0\checker-compat-qual-2.0.0.jar;C:\Users\saurabh.chauhan\.m2\repository\com\google\errorprone\error_prone_annotations\2.1.3\error_prone_annotations-2.1.3.jar;C:\Users\saurabh.chauhan\.m2\repository\com\google\j2objc\j2objc-annotations\1.1\j2objc-annotations-1.1.jar;C:\Users\saurabh.chauhan\.m2\repository\org\codehaus\mojo\animal-sniffer-annotations\1.14\animal-sniffer-annotations-1.14.jar;C:\Users\saurabh.chauhan\.m2\repository\com\squareup\okhttp3\okhttp\3.11.0\okhttp-3.11.0.jar;C:\Users\saurabh.chauhan\.m2\repository\com\squareup\okio\okio\1.14.0\okio-1.14.0.jar;C:\Users\saurabh.chauhan\.m2\repository\org\testng\testng\6.14.3\testng-6.14.3.jar;C:\Users\saurabh.chauhan\.m2\repository\com\beust\jcommander\1.72\jcommander-1.72.jar;C:\Users\saurabh.chauhan\.m2\repository\org\apache-extras\beanshell\bsh\2.0b6\bsh-2.0b6.jar;C:\Users\saurabh.chauhan\.m2\repository\org\apache\poi\poi-ooxml\4.1.0\poi-ooxml-4.1.0.jar;C:\Users\saurabh.chauhan\.m2\repository\org\apache\poi\poi\4.1.0\poi-4.1.0.jar;C:\Users\saurabh.chauhan\.m2\repository\commons-codec\commons-codec\1.12\commons-codec-1.12.jar;C:\Users\saurabh.chauhan\.m2\repository\org\apache\commons\commons-collections4\4.3\commons-collections4-4.3.jar;C:\Users\saurabh.chauhan\.m2\repository\org\apache\commons\commons-math3\3.6.1\commons-math3-3.6.1.jar;C:\Users\saurabh.chauhan\.m2\repository\org\apache\poi\poi-ooxml-schemas\4.1.0\poi-ooxml-schemas-4.1.0.jar;C:\Users\saurabh.chauhan\.m2\repository\org\apache\xmlbeans\xmlbeans\3.1.0\xmlbeans-3.1.0.jar;C:\Users\saurabh.chauhan\.m2\repository\org\apache\commons\commons-compress\1.18\commons-compress-1.18.jar;C:\Users\saurabh.chauhan\.m2\repository\com\github\virtuald\curvesapi\1.06\curvesapi-1.06.jar;C:\Users\saurabh.chauhan\.m2\repository\com\relevantcodes\extentreports\2.41.2\extentreports-2.41.2.jar;C:\Users\saurabh.chauhan\.m2\repository\org\jsoup\jsoup\1.8.3\jsoup-1.8.3.jar;C:\Users\saurabh.chauhan\.m2\repository\org\xerial\sqlite-jdbc\3.8.11.1\sqlite-jdbc-3.8.11.1.jar;C:\Users\saurabh.chauhan\.m2\repository\org\freemarker\freemarker\2.3.23\freemarker-2.3.23.jar;C:\Users\saurabh.chauhan\.m2\repository\org\mongodb\mongodb-driver\3.0.4\mongodb-driver-3.0.4.jar;C:\Users\saurabh.chauhan\.m2\repository\org\mongodb\bson\3.0.4\bson-3.0.4.jar;C:\Users\saurabh.chauhan\.m2\repository\org\mongodb\mongodb-driver-core\3.0.4\mongodb-driver-core-3.0.4.jar;C:\Users\saurabh.chauhan\.m2\repository\commons-io\commons-io\2.4\commons-io-2.4.jar;C:\Users\saurabh.chauhan\.m2\repository\org\seleniumhq\selenium\selenium-remote-driver\3.141.59\selenium-remote-driver-3.141.59.jar;"/>
    <property name="sun.cpu.endian" value="little"/>
    <property name="user.home" value="C:\Users\saurabh.chauhan"/>
    <property name="user.language" value="en"/>
    <property name="java.specification.vendor" value="Oracle Corporation"/>
    <property name="java.version.date" value="2019-04-16"/>
    <property name="java.home" value="C:\Program Files\Java\jdk-12.0.1"/>
    <property name="file.separator" value="\"/>
    <property name="basedir" value="C:\Users\saurabh.chauhan\eclipse-workspace\Saurabh"/>
    <property name="java.vm.compressedOopsMode" value="32-bit"/>
    <property name="line.separator" value="&#10;"/>
    <property name="java.vm.specification.vendor" value="Oracle Corporation"/>
    <property name="java.specification.name" value="Java Platform API Specification"/>
    <property name="java.awt.graphicsenv" value="sun.awt.Win32GraphicsEnvironment"/>
    <property name="surefire.real.class.path" value="C:\Users\saurabh.chauhan\AppData\Local\Temp\surefire14305847600133518739\surefirebooter9329575891519191697.jar"/>
    <property name="user.script" value=""/>
    <property name="sun.management.compiler" value="HotSpot 64-Bit Tiered Compilers"/>
    <property name="java.runtime.version" value="12.0.1+12"/>
    <property name="user.name" value="saurabh.chauhan"/>
    <property name="path.separator" value=";"/>
    <property name="os.version" value="10.0"/>
    <property name="java.runtime.name" value="Java(TM) SE Runtime Environment"/>
    <property name="file.encoding" value="Cp1252"/>
    <property name="java.vm.name" value="Java HotSpot(TM) 64-Bit Server VM"/>
    <property name="localRepository" value="C:\Users\saurabh.chauhan\.m2\repository"/>
    <property name="java.vendor.url.bug" value="https://bugreport.java.com/bugreport/"/>
    <property name="java.io.tmpdir" value="C:\Users\SAURAB~1.CHA\AppData\Local\Temp\"/>
    <property name="java.version" value="12.0.1"/>
    <property name="user.dir" value="C:\Users\saurabh.chauhan\eclipse-workspace\Saurabh"/>
    <property name="os.arch" value="amd64"/>
    <property name="java.vm.specification.name" value="Java Virtual Machine Specification"/>
    <property name="sun.os.patch.level" value=""/>
    <property name="java.library.path" value="C:\Program Files\Java\jdk-12.0.1\bin;C:\Windows\Sun\Java\bin;C:\Windows\system32;C:\Windows;C:/Program Files/Java/jdk-12.0.1/bin/server;C:/Program Files/Java/jdk-12.0.1/bin;C:\Windows\system32;C:\Windows;C:\Windows\System32\Wbem;C:\Windows\System32\WindowsPowerShell\v1.0\;C:\Windows\System32\OpenSSH\;C:\Program Files\Git\cmd;C:\Program Files\Microsoft SQL Server\Client SDK\ODBC\130\Tools\Binn\;C:\Program Files (x86)\Microsoft SQL Server\140\Tools\Binn\;C:\Program Files\Microsoft SQL Server\140\Tools\Binn\;C:\Program Files\Microsoft SQL Server\140\DTS\Binn\;C:\Program Files (x86)\Microsoft SQL Server\150\DTS\Binn\;C:\Program Files\Java\jdk-12.0.1\bin;C:\apache-maven-3.6.1\bin;C:\Program Files\Java\jdk-11.0.4\bin\bin;C:\Program Files\MySQL\MySQL Shell 8.0\bin\;C:\Users\saurabh.chauhan\Desktop;;."/>
    <property name="java.vm.info" value="mixed mode, sharing"/>
    <property name="java.vendor" value="Oracle Corporation"/>
    <property name="java.vm.version" value="12.0.1+12"/>
    <property name="sun.io.unicode.encoding" value="UnicodeLittle"/>
    <property name="java.class.version" value="56.0"/>
  </properties>
  <testcase name="homePageRedirection" classname="com.chauhan.Saurabh.HomePagetestscripts" time="0.059"/>
  <testcase name="validateProductAvilability" classname="com.chauhan.Saurabh.HomePagetestscripts" time="9.386">
    <failure message="Unable to find element with xpath == //a[text()=&apos;Matrox G200 MMS&apos;]&#10;For documentation on this error, please visit: https://www.seleniumhq.org/exceptions/no_such_element.html&#10;Build info: version: &apos;3.141.59&apos;, revision: &apos;e82be7d358&apos;, time: &apos;2018-11-14T08:17:03&apos;&#10;System info: host: &apos;ATMECSINLT-038&apos;, ip: &apos;55.55.52.193&apos;, os.name: &apos;Windows 10&apos;, os.arch: &apos;amd64&apos;, os.version: &apos;10.0&apos;, java.version: &apos;12.0.1&apos;&#10;Driver info: org.openqa.selenium.ie.InternetExplorerDriver&#10;Capabilities {acceptInsecureCerts: false, browserName: internet explorer, browserVersion: 11, javascriptEnabled: true, pageLoadStrategy: normal, platform: WINDOWS, platformName: WINDOWS, proxy: Proxy(), se:ieOptions: {browserAttachTimeout: 0, elementScrollBehavior: 0, enablePersistentHover: true, ie.browserCommandLineSwitches: , ie.ensureCleanSession: false, ie.fileUploadDialogTimeout: 3000, ie.forceCreateProcessApi: false, ignoreProtectedModeSettings: false, ignoreZoomSetting: false, initialBrowserUrl: https://www.konakart.com/ko..., nativeEvents: true, requireWindowFocus: false}, setWindowRect: true, timeouts: {implicit: 0, pageLoad: 300000, script: 30000}}&#10;Session ID: b925097c-ce89-40bf-8cbc-dfdd2ce10f45&#10;*** Element info: {Using=xpath, value=//a[text()=&apos;Matrox G200 MMS&apos;]}" type="org.openqa.selenium.NoSuchElementException">org.openqa.selenium.NoSuchElementException: 
Unable to find element with xpath == //a[text()='Matrox G200 MMS']
For documentation on this error, please visit: https://www.seleniumhq.org/exceptions/no_such_element.html
Build info: version: '3.141.59', revision: 'e82be7d358', time: '2018-11-14T08:17:03'
System info: host: 'ATMECSINLT-038', ip: '55.55.52.193', os.name: 'Windows 10', os.arch: 'amd64', os.version: '10.0', java.version: '12.0.1'
Driver info: org.openqa.selenium.ie.InternetExplorerDriver
Capabilities {acceptInsecureCerts: false, browserName: internet explorer, browserVersion: 11, javascriptEnabled: true, pageLoadStrategy: normal, platform: WINDOWS, platformName: WINDOWS, proxy: Proxy(), se:ieOptions: {browserAttachTimeout: 0, elementScrollBehavior: 0, enablePersistentHover: true, ie.browserCommandLineSwitches: , ie.ensureCleanSession: false, ie.fileUploadDialogTimeout: 3000, ie.forceCreateProcessApi: false, ignoreProtectedModeSettings: false, ignoreZoomSetting: false, initialBrowserUrl: https://www.konakart.com/ko..., nativeEvents: true, requireWindowFocus: false}, setWindowRect: true, timeouts: {implicit: 0, pageLoad: 300000, script: 30000}}
Session ID: b925097c-ce89-40bf-8cbc-dfdd2ce10f45
*** Element info: {Using=xpath, value=//a[text()='Matrox G200 MMS']}
	at com.chauhan.Saurabh.HomePagetestscripts.validateProductAvilability(HomePagetestscripts.java:63)
</failure>
    <system-out><![CDATA[logger executed
4
3
Computer Peripherals
graphics Cards
Matrox G200 MMS
Home & Garden
clock
Cadiz Clock
Games
call Of DUTY
Call Of Duty
Software
windows 8
Windows 8
CSS;select#top-cat-list
CSS;select#top-cat-list
CSS
select#top-cat-list
css
CSS;input#search-input
CSS
input#search-input
css
CSS;a#search-button
CSS
a#search-button
css
CSS;a#search-button
CSS
a#search-button
css
XPATH;//a[text()='Matrox G200 MMS']
XPATH
//a[text()='Matrox G200 MMS']
xpath
]]></system-out>
  </testcase>
  <testcase name="validateProductAvilability" classname="com.chauhan.Saurabh.HomePagetestscripts" time="4.587"/>
  <testcase name="validateProductAvilability" classname="com.chauhan.Saurabh.HomePagetestscripts" time="2.906"/>
  <testcase name="validateProductAvilability" classname="com.chauhan.Saurabh.HomePagetestscripts" time="2.791"/>
  <testcase name="validateErrorMessage" classname="com.chauhan.Saurabh.HomePagetestscripts" time="2.633"/>
  <testcase name="validateErrorMessage" classname="com.chauhan.Saurabh.HomePagetestscripts" time="2.704"/>
  <testcase name="validateMessage" classname="com.chauhan.Saurabh.HomePageComputerPeripherals" time="3.113"/>
  <testcase name="validateProductAvilability" classname="com.chauhan.Saurabh.HomePageComputerPeripherals" time="5.117"/>
  <testcase name="validatePricingSortingFunctionality" classname="com.chauhan.Saurabh.HomePageComputerPeripherals" time="14.77"/>
  <testcase name="validatePricingSortingFunctionality" classname="com.chauhan.Saurabh.HomePageComputerPeripherals" time="13.499"/>
  <testcase name="validatePricingSortingFunctionality" classname="com.chauhan.Saurabh.HomePageComputerPeripherals" time="14.212"/>
  <testcase name="validatePricingSortingFunctionality" classname="com.chauhan.Saurabh.HomePageComputerPeripherals" time="13.991"/>
  <testcase name="validatePricingSortingFunctionality" classname="com.chauhan.Saurabh.HomePageComputerPeripherals" time="14.045"/>
  <testcase name="homePageRedirection" classname="com.chauhan.Saurabh.HeroImageProducttestscripts" time="0.029"/>
  <testcase name="validateContents" classname="com.chauhan.Saurabh.HeroImageProducttestscripts" time="19.167"/>
  <testcase name="validateSortingFunctionality" classname="com.chauhan.Saurabh.HeroImageProducttestscripts" time="0.616"/>
  <testcase name="validateSortingByDate" classname="com.chauhan.Saurabh.HeroImageProducttestscripts" time="3.161"/>
  <testcase name="validateSortingByRating" classname="com.chauhan.Saurabh.HeroImageProducttestscripts" time="3.023"/>
</testsuite>